<?xml version="1.0" encoding="UTF-8"?>
<!-- Generated by org.testng.reporters.JUnitXMLReporter -->
<testsuite ignored="9" hostname="Nawazs-MacBook-Pro.local" failures="1" tests="1" name="Default test(failed)(failed)" time="51.935" errors="0" timestamp="2022-09-21T15:43:40 EDT">
  <testcase classname="com.timeit.testcases.Smoke" name="TC_0008" time="41.937">
    <failure type="org.openqa.selenium.NoSuchElementException" message="An element could not be located on the page using the given search parameters.
For documentation on this error, please visit: http://seleniumhq.org/exceptions/no_such_element.html
Build info: version: &amp;apos;3.12.0&amp;apos;, revision: &amp;apos;7c6e0b3&amp;apos;, time: &amp;apos;2018-05-08T14:04:26.12Z&amp;apos;
System info: host: &amp;apos;Nawazs-MacBook-Pro.local&amp;apos;, ip: &amp;apos;fe80:0:0:0:4db:599f:3f98:6954%en0&amp;apos;, os.name: &amp;apos;Mac OS X&amp;apos;, os.arch: &amp;apos;x86_64&amp;apos;, os.version: &amp;apos;10.16&amp;apos;, java.version: &amp;apos;15.0.2&amp;apos;
Driver info: io.appium.java_client.ios.IOSDriver
Capabilities {app: /Users/nawazshaik/Documents..., automationName: XCUITest, browserName: , bundleId: com.mir.timeitapp, databaseEnabled: false, deviceName: iPhone 13 Pro Max, javascriptEnabled: true, locationContextEnabled: false, networkConnectionEnabled: false, noReset: true, platform: MAC, platformName: iOS, platformVersion: 15.5, takesScreenshot: true, udid: 78940779-6420-45D6-9E5C-5B0..., webStorageEnabled: false}
Session ID: e6b5af2b-3362-401b-8209-a658ec2d4812
*** Element info: {Using=accessibility id, value=Night}">
      <![CDATA[org.openqa.selenium.NoSuchElementException: An element could not be located on the page using the given search parameters.
For documentation on this error, please visit: http://seleniumhq.org/exceptions/no_such_element.html
Build info: version: '3.12.0', revision: '7c6e0b3', time: '2018-05-08T14:04:26.12Z'
System info: host: 'Nawazs-MacBook-Pro.local', ip: 'fe80:0:0:0:4db:599f:3f98:6954%en0', os.name: 'Mac OS X', os.arch: 'x86_64', os.version: '10.16', java.version: '15.0.2'
Driver info: io.appium.java_client.ios.IOSDriver
Capabilities {app: /Users/nawazshaik/Documents..., automationName: XCUITest, browserName: , bundleId: com.mir.timeitapp, databaseEnabled: false, deviceName: iPhone 13 Pro Max, javascriptEnabled: true, locationContextEnabled: false, networkConnectionEnabled: false, noReset: true, platform: MAC, platformName: iOS, platformVersion: 15.5, takesScreenshot: true, udid: 78940779-6420-45D6-9E5C-5B0..., webStorageEnabled: false}
Session ID: e6b5af2b-3362-401b-8209-a658ec2d4812
*** Element info: {Using=accessibility id, value=Night}
at org.openqa.selenium.remote.http.W3CHttpResponseCodec.createException(W3CHttpResponseCodec.java:187)
at org.openqa.selenium.remote.http.W3CHttpResponseCodec.decode(W3CHttpResponseCodec.java:122)
at org.openqa.selenium.remote.http.W3CHttpResponseCodec.decode(W3CHttpResponseCodec.java:49)
at org.openqa.selenium.remote.HttpCommandExecutor.execute(HttpCommandExecutor.java:158)
at io.appium.java_client.remote.AppiumCommandExecutor.execute(AppiumCommandExecutor.java:231)
at org.openqa.selenium.remote.RemoteWebDriver.execute(RemoteWebDriver.java:548)
at io.appium.java_client.DefaultGenericMobileDriver.execute(DefaultGenericMobileDriver.java:42)
at io.appium.java_client.AppiumDriver.execute(AppiumDriver.java:1)
at io.appium.java_client.ios.IOSDriver.execute(IOSDriver.java:1)
at org.openqa.selenium.remote.RemoteWebDriver.findElement(RemoteWebDriver.java:322)
at io.appium.java_client.DefaultGenericMobileDriver.findElement(DefaultGenericMobileDriver.java:62)
at io.appium.java_client.AppiumDriver.findElement(AppiumDriver.java:1)
at io.appium.java_client.ios.IOSDriver.findElement(IOSDriver.java:1)
at io.appium.java_client.FindsByAccessibilityId.findElementByAccessibilityId(FindsByAccessibilityId.java:37)
at com.timeit.pages.TimeLogPage.timekeeperAddTimeEntry(TimeLogPage.java:192)
at com.timeit.pages.TimeLogPage.timekeeperAddTimeEntryToWholeWeek(TimeLogPage.java:225)
at com.timeit.pages.TimeLogPage.timekeeperAddsTimeSheetToTeamMembers(TimeLogPage.java:160)
at com.timeit.testcases.Smoke.TC_0008(Smoke.java:214)
at java.base/java.util.ArrayList.forEach(ArrayList.java:1511)
... Removed 32 stack frames]]>
    </failure>
  </testcase> <!-- TC_0008 -->
  <testcase classname="com.timeit.testcases.Smoke" name="TC_0002" time="0.0">
    <ignored/>
  </testcase> <!-- TC_0002 -->
  <testcase classname="com.timeit.testcases.Smoke" name="TC_0005" time="0.0">
    <ignored/>
  </testcase> <!-- TC_0005 -->
  <testcase classname="com.timeit.testcases.Smoke" name="TC_0003" time="0.0">
    <ignored/>
  </testcase> <!-- TC_0003 -->
  <testcase classname="com.timeit.testcases.Smoke" name="TC_0006" time="0.0">
    <ignored/>
  </testcase> <!-- TC_0006 -->
  <testcase classname="com.timeit.testcases.Smoke" name="TC_0009" time="0.0">
    <ignored/>
  </testcase> <!-- TC_0009 -->
  <testcase classname="com.timeit.testcases.Smoke" name="TC_0004" time="0.0">
    <ignored/>
  </testcase> <!-- TC_0004 -->
  <testcase classname="com.timeit.testcases.Smoke" name="TC_0007" time="0.0">
    <ignored/>
  </testcase> <!-- TC_0007 -->
  <testcase classname="com.timeit.testcases.Smoke" name="TC_0001" time="0.0">
    <ignored/>
  </testcase> <!-- TC_0001 -->
  <testcase classname="com.timeit.testcases.Smoke" name="TC_0010" time="0.0">
    <ignored/>
  </testcase> <!-- TC_0010 -->
</testsuite> <!-- Default test(failed)(failed) -->
